SUCCESS Distribution folders removed successfully
INFO    Initializing build process for main project to both NPM and JSR...
INFO    Building JSR distribution...
INFO    Using JSR builder: jsr
INFO    Starting regular_bundleUsingJsr: C:/B/R/relinka/src -> C:/B/R/relinka/dist-jsr/bin
SUCCESS Completed regular JSR bundling
INFO    Paths replacement in C:/B/R/relinka/dist-jsr/bin folder...
INFO    Generating distribution package.json and tsconfig.json (isJsr=true)...
SUCCESS [C:/B/R/relinka/dist-jsr] Successfully created regular distribution: "dist-jsr" (C:/B/R/relinka/dist-jsr/bin/main.ts) with (23 files (109 kB))
INFO    Building NPM distribution...
INFO    Using NPM builder: mkdist
SUCCESS Build succeeded for default
INFO      dist-npm/bin (total size: 90.8 kB)
  └─ dist-npm/bin/main.js (1.76 kB)
  └─ dist-npm/bin/deprecated/types.js
  └─ dist-npm/bin/deprecated/utils/deprecatedColors.d.ts (3.21 kB)
  └─ dist-npm/bin/deprecated/components/relinka-deprecated/relinka.d.ts (6.24 kB)
  └─ dist-npm/bin/deprecated/impl-old.d.ts
  └─ dist-npm/bin/deprecated/components/relinka-deprecated/mod.js (1.21 kB)
  └─ dist-npm/bin/deprecated/components/reporters/basic.js (1.48 kB)
  └─ dist-npm/bin/impl.d.ts (5.04 kB)
  └─ dist-npm/bin/types.js
  └─ dist-npm/bin/deprecated/types.d.ts (5.28 kB)
  └─ dist-npm/bin/main.d.ts (2.23 kB)
  └─ dist-npm/bin/types.d.ts
  └─ dist-npm/bin/deprecated/utils/error.js (228 B)
  └─ dist-npm/bin/deprecated/components/modes/basic.d.ts (996 B)
  └─ dist-npm/bin/deprecated/components/modes/browser.js (542 B)
  └─ dist-npm/bin/impl.js (19.3 kB)
  └─ dist-npm/bin/deprecated/components/relinka-deprecated/relinka.js (11.5 kB)
  └─ dist-npm/bin/deprecated/impl-old.js
  └─ dist-npm/bin/deprecated/utils/error.d.ts (322 B)
  └─ dist-npm/bin/deprecated/utils/tree.js (1.02 kB)
  └─ dist-npm/bin/deprecated/components/reporters/fancy.js (3.58 kB)
  └─ dist-npm/bin/deprecated/components/levels/levels.js (1.1 kB)
  └─ dist-npm/bin/deprecated/components/relinka-deprecated/logger.js (117 B)
  └─ dist-npm/bin/deprecated/components/modes/shared.d.ts (123 B)
  └─ dist-npm/bin/deprecated/utils/stream.d.ts (947 B)
  └─ dist-npm/bin/deprecated/components/levels/levels.d.ts (786 B)
  └─ dist-npm/bin/deprecated/components/relinka-deprecated/logger.d.ts (280 B)
  └─ dist-npm/bin/deprecated/components/modes/basic.js (820 B)
  └─ dist-npm/bin/deprecated/components/reporters/browser.d.ts (326 B)
  └─ dist-npm/bin/deprecated/components/modes/browser.d.ts (1.15 kB)
  └─ dist-npm/bin/deprecated/utils/box.js (3.81 kB)
  └─ dist-npm/bin/deprecated/components/relinka-deprecated/mod.d.ts (1.19 kB)
  └─ dist-npm/bin/deprecated/components/modes/shared.js (79 B)
  └─ dist-npm/bin/deprecated/utils/string.js (1.39 kB)
  └─ dist-npm/bin/deprecated/utils/format.js (590 B)
  └─ dist-npm/bin/deprecated/utils/log.js (305 B)
  └─ dist-npm/bin/deprecated/components/reporters/basic.d.ts (550 B)
  └─ dist-npm/bin/deprecated/components/reporters/browser.js (1.42 kB)
  └─ dist-npm/bin/deprecated/utils/stream.js (129 B)
  └─ dist-npm/bin/deprecated/components/reporters/fancy.d.ts (617 B)
  └─ dist-npm/bin/deprecated/utils/string.d.ts (2.79 kB)
  └─ dist-npm/bin/deprecated/utils/log.d.ts (658 B)
  └─ dist-npm/bin/deprecated/utils/box.d.ts (2.64 kB)
  └─ dist-npm/bin/deprecated/utils/format.d.ts (716 B)
  └─ dist-npm/bin/deprecated/utils/tree.d.ts (1.42 kB)
  └─ dist-npm/bin/deprecated/utils/deprecatedColors.js (2.92 kB)
INFO    Σ Total dist size: 90.8 kB (build time: 1.3 seconds)
SUCCESS Regular bundle completed in 1.5 seconds using mkdist builder
INFO    Paths replacement in C:/B/R/relinka/dist-npm/bin folder...
INFO    Generating distribution package.json and tsconfig.json (isJsr=false)...
SUCCESS NPM distribution built successfully (46 files, 101 kB)
SUCCESS [C:/B/R/relinka/dist-npm] Successfully created regular distribution: "dist-npm" (C:/B/R/relinka/dist-npm/bin/main.js) with (46 files (101 kB))
INFO    Publishing to JSR...
INFO    Publishing to NPM...
SUCCESS Distribution folders removed successfully
SUCCESS 🎉 Build and publishing completed successfully (in 1.6 seconds)
